Using pre-set license
Built from '2020.2/staging' branch; Version is '2020.2.7f1 (c53830e277f1) revision 12924976'; Using compiler version '192528614'; Build Type 'Release'
OS: 'Windows 10 Home; OS build 18363.1379; Version 1909; 64bit' Language: 'en' Physical Memory: 16252 MB
BatchMode: 1, IsHumanControllingUs: 0, StartBugReporterOnCrash: 0, Is64bit: 1, IsPro: 0

 COMMAND LINE ARGUMENTS:
C:\programmes\Unity Editor versions\2020.2.7f1\Editor\Unity.exe
-adb2
-batchMode
-noUpm
-name
AssetImportWorker0
-projectPath
C:/Users/regar/Documents/GitHub/single-screen-game-ctrlcookie/2D game
-logFile
Logs/AssetImportWorker0.log
-srvPort
51639
Successfully changed project path to: C:/Users/regar/Documents/GitHub/single-screen-game-ctrlcookie/2D game
C:/Users/regar/Documents/GitHub/single-screen-game-ctrlcookie/2D game
Using Asset Import Pipeline V2.
Refreshing native plugins compatible for Editor in 34.57 ms, found 1 plugins.
Preloading 0 native plugins for Editor in 0.00 ms.
Initialize engine version: 2020.2.7f1 (c53830e277f1)
[Subsystems] Discovering subsystems at path C:/programmes/Unity Editor versions/2020.2.7f1/Editor/Data/Resources/UnitySubsystems
[Subsystems] Discovering subsystems at path C:/Users/regar/Documents/GitHub/single-screen-game-ctrlcookie/2D game/Assets
GfxDevice: creating device client; threaded=0
Direct3D:
    Version:  Direct3D 11.0 [level 11.1]
    Renderer: Intel(R) UHD Graphics (ID=0x9bc4)
    Vendor:   
    VRAM:     8126 MB
    Driver:   27.20.100.8280
Initialize mono
Mono path[0] = 'C:/programmes/Unity Editor versions/2020.2.7f1/Editor/Data/Managed'
Mono path[1] = 'C:/programmes/Unity Editor versions/2020.2.7f1/Editor/Data/MonoBleedingEdge/lib/mono/unityjit'
Mono config path = 'C:/programmes/Unity Editor versions/2020.2.7f1/Editor/Data/MonoBleedingEdge/etc'
Using monoOptions --debugger-agent=transport=dt_socket,embedding=1,server=y,suspend=n,address=127.0.0.1:56892
Begin MonoManager ReloadAssembly
Registering precompiled unity dll's ...
Register platform support module: C:/programmes/Unity Editor versions/2020.2.7f1/Editor/Data/PlaybackEngines/WindowsStandaloneSupport/UnityEditor.WindowsStandalone.Extensions.dll
Registered in 0.001337 seconds.
Native extension for WindowsStandalone target not found
Refreshing native plugins compatible for Editor in 33.99 ms, found 1 plugins.
Preloading 0 native plugins for Editor in 0.00 ms.
Invoked RoslynAnalysisRunner static constructor.
RoslynAnalysisRunner will not be running.
RoslynAnalysisRunner has terminated.
Mono: successfully reloaded assembly
- Completed reload, in  0.849 seconds
Platform modules already initialized, skipping
Registering precompiled user dll's ...
Registered in 0.000832 seconds.
Begin MonoManager ReloadAssembly
Native extension for WindowsStandalone target not found
Refreshing native plugins compatible for Editor in 35.14 ms, found 1 plugins.
Preloading 0 native plugins for Editor in 0.00 ms.
Invoked RoslynAnalysisRunner static constructor.
RoslynAnalysisRunner will not be running.
RoslynAnalysisRunner has terminated.
Mono: successfully reloaded assembly
- Completed reload, in  0.828 seconds
Platform modules already initialized, skipping
========================================================================
Worker process is ready to serve import requests
Launched and connected shader compiler UnityShaderCompiler.exe after 0.03 seconds
Refreshing native plugins compatible for Editor in 0.35 ms, found 1 plugins.
Preloading 0 native plugins for Editor in 0.00 ms.
Unloading 2103 Unused Serialized files (Serialized files now loaded: 0)
System memory in use before: 95.3 MB.
System memory in use after: 95.4 MB.

Unloading 21 unused Assets to reduce memory usage. Loaded Objects now: 2553.
Total: 1.851600 ms (FindLiveObjects: 0.184400 ms CreateObjectMapping: 0.077400 ms MarkObjects: 1.538400 ms  DeleteObjects: 0.050700 ms)

========================================================================
Received Import Request.
  path: Assets/PlayerInput.inputactions
  artifactKey: Guid(a476745478877064aa927014e6adda1c) Importer(815301076,1909f56bfc062723c751e8b465ee728b)
Start importing Assets/PlayerInput.inputactions using Guid(a476745478877064aa927014e6adda1c) Importer(815301076,1909f56bfc062723c751e8b465ee728b)  -> (artifact id: 'b4211a4a38057821468f0c7d40fc62e8') in 0.024646 seconds
  Import took 0.028028 seconds .

========================================================================
Received Import Request.
  Time since last request: 227.341190 seconds.
  path: Assets/PlayerInput.inputactions
  artifactKey: Guid(a476745478877064aa927014e6adda1c) Importer(815301076,1909f56bfc062723c751e8b465ee728b)
Start importing Assets/PlayerInput.inputactions using Guid(a476745478877064aa927014e6adda1c) Importer(815301076,1909f56bfc062723c751e8b465ee728b)  -> (artifact id: 'c9cf25f11a58d5f62a759b7ae31e78d6') in 0.006331 seconds
  Import took 0.010873 seconds .

========================================================================
Received Import Request.
  Time since last request: 12.709794 seconds.
  path: Assets/PlayerInput.inputactions
  artifactKey: Guid(a476745478877064aa927014e6adda1c) Importer(815301076,1909f56bfc062723c751e8b465ee728b)
Start importing Assets/PlayerInput.inputactions using Guid(a476745478877064aa927014e6adda1c) Importer(815301076,1909f56bfc062723c751e8b465ee728b)  -> (artifact id: 'aa02ae0059cf367bd3ac3612930a9a1b') in 0.005883 seconds
  Import took 0.009403 seconds .

