Using pre-set license
Built from '2020.2/staging' branch; Version is '2020.2.7f1 (c53830e277f1) revision 12924976'; Using compiler version '192528614'; Build Type 'Release'
OS: 'Windows 10 Home; OS build 18363.1440; Version 1909; 64bit' Language: 'en' Physical Memory: 16252 MB
BatchMode: 1, IsHumanControllingUs: 0, StartBugReporterOnCrash: 0, Is64bit: 1, IsPro: 0

 COMMAND LINE ARGUMENTS:
C:\programmes\Unity Editor versions\2020.2.7f1\Editor\Unity.exe
-adb2
-batchMode
-noUpm
-name
AssetImportWorker1
-projectPath
C:/Users/regar/Documents/GitHub/single-screen-game-ctrlcookie/2D game
-logFile
Logs/AssetImportWorker1.log
-srvPort
51277
Successfully changed project path to: C:/Users/regar/Documents/GitHub/single-screen-game-ctrlcookie/2D game
C:/Users/regar/Documents/GitHub/single-screen-game-ctrlcookie/2D game
Using Asset Import Pipeline V2.
Refreshing native plugins compatible for Editor in 34.40 ms, found 1 plugins.
Preloading 0 native plugins for Editor in 0.00 ms.
Initialize engine version: 2020.2.7f1 (c53830e277f1)
[Subsystems] Discovering subsystems at path C:/programmes/Unity Editor versions/2020.2.7f1/Editor/Data/Resources/UnitySubsystems
[Subsystems] Discovering subsystems at path C:/Users/regar/Documents/GitHub/single-screen-game-ctrlcookie/2D game/Assets
GfxDevice: creating device client; threaded=0
Direct3D:
    Version:  Direct3D 11.0 [level 11.1]
    Renderer: Intel(R) UHD Graphics (ID=0x9bc4)
    Vendor:   
    VRAM:     8126 MB
    Driver:   27.20.100.8280
Initialize mono
Mono path[0] = 'C:/programmes/Unity Editor versions/2020.2.7f1/Editor/Data/Managed'
Mono path[1] = 'C:/programmes/Unity Editor versions/2020.2.7f1/Editor/Data/MonoBleedingEdge/lib/mono/unityjit'
Mono config path = 'C:/programmes/Unity Editor versions/2020.2.7f1/Editor/Data/MonoBleedingEdge/etc'
Using monoOptions --debugger-agent=transport=dt_socket,embedding=1,server=y,suspend=n,address=127.0.0.1:56028
Begin MonoManager ReloadAssembly
Registering precompiled unity dll's ...
Register platform support module: C:/programmes/Unity Editor versions/2020.2.7f1/Editor/Data/PlaybackEngines/WindowsStandaloneSupport/UnityEditor.WindowsStandalone.Extensions.dll
Registered in 0.001391 seconds.
Native extension for WindowsStandalone target not found
Refreshing native plugins compatible for Editor in 36.53 ms, found 1 plugins.
Preloading 0 native plugins for Editor in 0.00 ms.
Invoked RoslynAnalysisRunner static constructor.
RoslynAnalysisRunner will not be running.
RoslynAnalysisRunner has terminated.
Mono: successfully reloaded assembly
- Completed reload, in  2.305 seconds
Platform modules already initialized, skipping
Registering precompiled user dll's ...
Registered in 0.000748 seconds.
Begin MonoManager ReloadAssembly
Native extension for WindowsStandalone target not found
Refreshing native plugins compatible for Editor in 35.00 ms, found 1 plugins.
Preloading 0 native plugins for Editor in 0.00 ms.
Invoked RoslynAnalysisRunner static constructor.
RoslynAnalysisRunner will not be running.
RoslynAnalysisRunner has terminated.
Mono: successfully reloaded assembly
- Completed reload, in  0.831 seconds
Platform modules already initialized, skipping
========================================================================
Worker process is ready to serve import requests
Launched and connected shader compiler UnityShaderCompiler.exe after 0.07 seconds
Refreshing native plugins compatible for Editor in 0.36 ms, found 1 plugins.
Preloading 0 native plugins for Editor in 0.00 ms.
Unloading 2251 Unused Serialized files (Serialized files now loaded: 0)
System memory in use before: 100.2 MB.
System memory in use after: 100.3 MB.

Unloading 22 unused Assets to reduce memory usage. Loaded Objects now: 2701.
Total: 1.731000 ms (FindLiveObjects: 0.163000 ms CreateObjectMapping: 0.066400 ms MarkObjects: 1.449200 ms  DeleteObjects: 0.051300 ms)

========================================================================
Received Import Request.
  path: Assets/Prefabs/Player.prefab
  artifactKey: Guid(431d2f9007415ee41a7ae61dd3943511) Importer(815301076,1909f56bfc062723c751e8b465ee728b)
Start importing Assets/Prefabs/Player.prefab using Guid(431d2f9007415ee41a7ae61dd3943511) Importer(815301076,1909f56bfc062723c751e8b465ee728b)  -> (artifact id: 'ffdb0b43d1da4bfd68f9cffb394f8d2a') in 0.126546 seconds
  Import took 0.129634 seconds .

========================================================================
Received Prepare
Refreshing native plugins compatible for Editor in 1.68 ms, found 1 plugins.
Preloading 0 native plugins for Editor in 0.00 ms.
Unloading 5 Unused Serialized files (Serialized files now loaded: 0)
System memory in use before: 58.9 MB.
System memory in use after: 59.1 MB.

Unloading 5 unused Assets to reduce memory usage. Loaded Objects now: 2708.
Total: 2.153000 ms (FindLiveObjects: 0.232600 ms CreateObjectMapping: 0.097800 ms MarkObjects: 1.809700 ms  DeleteObjects: 0.012000 ms)

========================================================================
Received Import Request.
  Time since last request: 3.446339 seconds.
  path: Assets/Prefabs/Pool.prefab
  artifactKey: Guid(a56980c37ad008f448ff9546b2af85d9) Importer(815301076,1909f56bfc062723c751e8b465ee728b)
Start importing Assets/Prefabs/Pool.prefab using Guid(a56980c37ad008f448ff9546b2af85d9) Importer(815301076,1909f56bfc062723c751e8b465ee728b)  -> (artifact id: '473922f2b1b8787af2a00805fe38a89c') in 0.018735 seconds
  Import took 0.021887 seconds .

========================================================================
Received Import Request.
  Time since last request: 2.858385 seconds.
  path: Assets/Prefabs/Elevator.prefab
  artifactKey: Guid(2b636f60c24ea66429675c9b1e27d886) Importer(815301076,1909f56bfc062723c751e8b465ee728b)
Start importing Assets/Prefabs/Elevator.prefab using Guid(2b636f60c24ea66429675c9b1e27d886) Importer(815301076,1909f56bfc062723c751e8b465ee728b)  -> (artifact id: 'b5398dcec72ef4a03f5cd8f56d4b7f0a') in 0.018923 seconds
  Import took 0.022535 seconds .

========================================================================
Received Import Request.
  Time since last request: 0.003270 seconds.
  path: Assets/Prefabs/Elevator.prefab
  artifactKey: Guid(2b636f60c24ea66429675c9b1e27d886) Importer(815301076,1909f56bfc062723c751e8b465ee728b)
Start importing Assets/Prefabs/Elevator.prefab using Guid(2b636f60c24ea66429675c9b1e27d886) Importer(815301076,1909f56bfc062723c751e8b465ee728b)  -> (artifact id: 'b5398dcec72ef4a03f5cd8f56d4b7f0a') in 0.008813 seconds
  Import took 0.012320 seconds .

