Using pre-set license
Built from '2020.2/staging' branch; Version is '2020.2.7f1 (c53830e277f1) revision 12924976'; Using compiler version '192528614'; Build Type 'Release'
OS: 'Windows 10 Home; OS build 18363.1379; Version 1909; 64bit' Language: 'en' Physical Memory: 16252 MB
BatchMode: 1, IsHumanControllingUs: 0, StartBugReporterOnCrash: 0, Is64bit: 1, IsPro: 0

 COMMAND LINE ARGUMENTS:
C:\programmes\Unity Editor versions\2020.2.7f1\Editor\Unity.exe
-adb2
-batchMode
-noUpm
-name
AssetImportWorker0
-projectPath
C:/Users/regar/Documents/GitHub/single-screen-game-ctrlcookie/2D game
-logFile
Logs/AssetImportWorker0.log
-srvPort
51472
Successfully changed project path to: C:/Users/regar/Documents/GitHub/single-screen-game-ctrlcookie/2D game
C:/Users/regar/Documents/GitHub/single-screen-game-ctrlcookie/2D game
Using Asset Import Pipeline V2.
Refreshing native plugins compatible for Editor in 29.54 ms, found 1 plugins.
Preloading 0 native plugins for Editor in 0.00 ms.
Initialize engine version: 2020.2.7f1 (c53830e277f1)
[Subsystems] Discovering subsystems at path C:/programmes/Unity Editor versions/2020.2.7f1/Editor/Data/Resources/UnitySubsystems
[Subsystems] Discovering subsystems at path C:/Users/regar/Documents/GitHub/single-screen-game-ctrlcookie/2D game/Assets
GfxDevice: creating device client; threaded=0
Direct3D:
    Version:  Direct3D 11.0 [level 11.1]
    Renderer: Intel(R) UHD Graphics (ID=0x9bc4)
    Vendor:   
    VRAM:     8126 MB
    Driver:   27.20.100.8280
Initialize mono
Mono path[0] = 'C:/programmes/Unity Editor versions/2020.2.7f1/Editor/Data/Managed'
Mono path[1] = 'C:/programmes/Unity Editor versions/2020.2.7f1/Editor/Data/MonoBleedingEdge/lib/mono/unityjit'
Mono config path = 'C:/programmes/Unity Editor versions/2020.2.7f1/Editor/Data/MonoBleedingEdge/etc'
Using monoOptions --debugger-agent=transport=dt_socket,embedding=1,server=y,suspend=n,address=127.0.0.1:56000
Begin MonoManager ReloadAssembly
Registering precompiled unity dll's ...
Register platform support module: C:/programmes/Unity Editor versions/2020.2.7f1/Editor/Data/PlaybackEngines/WindowsStandaloneSupport/UnityEditor.WindowsStandalone.Extensions.dll
Registered in 0.001392 seconds.
Native extension for WindowsStandalone target not found
Refreshing native plugins compatible for Editor in 29.63 ms, found 1 plugins.
Preloading 0 native plugins for Editor in 0.00 ms.
Invoked RoslynAnalysisRunner static constructor.
RoslynAnalysisRunner will not be running.
RoslynAnalysisRunner has terminated.
Mono: successfully reloaded assembly
- Completed reload, in  0.830 seconds
Platform modules already initialized, skipping
Registering precompiled user dll's ...
Registered in 0.000822 seconds.
Begin MonoManager ReloadAssembly
Native extension for WindowsStandalone target not found
Refreshing native plugins compatible for Editor in 30.16 ms, found 1 plugins.
Preloading 0 native plugins for Editor in 0.00 ms.
Invoked RoslynAnalysisRunner static constructor.
RoslynAnalysisRunner will not be running.
RoslynAnalysisRunner has terminated.
Mono: successfully reloaded assembly
- Completed reload, in  0.749 seconds
Platform modules already initialized, skipping
========================================================================
Worker process is ready to serve import requests
Launched and connected shader compiler UnityShaderCompiler.exe after 0.04 seconds
Refreshing native plugins compatible for Editor in 0.30 ms, found 1 plugins.
Preloading 0 native plugins for Editor in 0.00 ms.
Unloading 1806 Unused Serialized files (Serialized files now loaded: 0)
System memory in use before: 84.5 MB.
System memory in use after: 84.6 MB.

Unloading 19 unused Assets to reduce memory usage. Loaded Objects now: 2253.
Total: 1.830600 ms (FindLiveObjects: 0.166000 ms CreateObjectMapping: 0.074400 ms MarkObjects: 1.535900 ms  DeleteObjects: 0.053600 ms)

========================================================================
Received Import Request.
  path: Assets
  artifactKey: Guid(00000000000000001000000000000000) Importer(815301076,1909f56bfc062723c751e8b465ee728b)
Start importing Assets using Guid(00000000000000001000000000000000) Importer(815301076,1909f56bfc062723c751e8b465ee728b)  -> (artifact id: 'f89434ac489deb914593f829e0a47671') in 0.007709 seconds
  Import took 0.010125 seconds .

========================================================================
Received Import Request.
  Time since last request: 5.616698 seconds.
  path: Assets/Prefabs
  artifactKey: Guid(ebb83502466252748bea1d16ad1047e6) Importer(815301076,1909f56bfc062723c751e8b465ee728b)
Start importing Assets/Prefabs using Guid(ebb83502466252748bea1d16ad1047e6) Importer(815301076,1909f56bfc062723c751e8b465ee728b)  -> (artifact id: '570d212640eb95f30515228ef4c8c00d') in 0.006114 seconds
  Import took 0.009501 seconds .

========================================================================
Received Import Request.
  Time since last request: 11.859088 seconds.
  path: Assets/Prefabs/Ground.prefab
  artifactKey: Guid(97c09ef4e9c3e7a448a300c6e2ba4335) Importer(815301076,1909f56bfc062723c751e8b465ee728b)
Start importing Assets/Prefabs/Ground.prefab using Guid(97c09ef4e9c3e7a448a300c6e2ba4335) Importer(815301076,1909f56bfc062723c751e8b465ee728b)  -> (artifact id: '9afa1a2e11c31658c66b6d73870798fe') in 0.099878 seconds
  Import took 0.102438 seconds .

========================================================================
Received Import Request.
  Time since last request: 5.350597 seconds.
  path: Assets/Prefabs/Player.prefab
  artifactKey: Guid(431d2f9007415ee41a7ae61dd3943511) Importer(815301076,1909f56bfc062723c751e8b465ee728b)
Start importing Assets/Prefabs/Player.prefab using Guid(431d2f9007415ee41a7ae61dd3943511) Importer(815301076,1909f56bfc062723c751e8b465ee728b)  -> (artifact id: '534685162b0457df77bddaed302c9abb') in 0.016753 seconds
  Import took 0.019492 seconds .

========================================================================
Received Prepare
Registering precompiled user dll's ...
Registered in 0.000710 seconds.
Begin MonoManager ReloadAssembly
Native extension for WindowsStandalone target not found
Refreshing native plugins compatible for Editor in 0.39 ms, found 1 plugins.
Preloading 0 native plugins for Editor in 0.00 ms.
Invoked RoslynAnalysisRunner static constructor.
RoslynAnalysisRunner will not be running.
RoslynAnalysisRunner has terminated.
Mono: successfully reloaded assembly
- Completed reload, in  0.680 seconds
Platform modules already initialized, skipping
Refreshing native plugins compatible for Editor in 0.31 ms, found 1 plugins.
Preloading 0 native plugins for Editor in 0.00 ms.
Unloading 1797 Unused Serialized files (Serialized files now loaded: 0)
System memory in use before: 87.2 MB.
System memory in use after: 87.4 MB.

Unloading 8 unused Assets to reduce memory usage. Loaded Objects now: 2264.
Total: 1.770900 ms (FindLiveObjects: 0.156500 ms CreateObjectMapping: 0.068100 ms MarkObjects: 1.531700 ms  DeleteObjects: 0.014000 ms)

========================================================================
Received Import Request.
  Time since last request: 102.105012 seconds.
  path: Assets/Prefabs/Player.prefab
  artifactKey: Guid(431d2f9007415ee41a7ae61dd3943511) Importer(815301076,1909f56bfc062723c751e8b465ee728b)
Start importing Assets/Prefabs/Player.prefab using Guid(431d2f9007415ee41a7ae61dd3943511) Importer(815301076,1909f56bfc062723c751e8b465ee728b)  -> (artifact id: 'c6da04f210f3022c7a5da211fd228152') in 0.043587 seconds
  Import took 0.046146 seconds .

========================================================================
Received Import Request.
  Time since last request: 16.439198 seconds.
  path: Assets/PlayerMovement.cs
  artifactKey: Guid(d9e936e7d7aff6c43838f9747ff3607e) Importer(815301076,1909f56bfc062723c751e8b465ee728b)
Start importing Assets/PlayerMovement.cs using Guid(d9e936e7d7aff6c43838f9747ff3607e) Importer(815301076,1909f56bfc062723c751e8b465ee728b)  -> (artifact id: 'd7f8f726dff7bf4c009d79eddd4ba059') in 0.020496 seconds
  Import took 0.022842 seconds .

========================================================================
Received Import Request.
  Time since last request: 11.151055 seconds.
  path: Assets/Scripts
  artifactKey: Guid(e24157c9f6f52e647868c8f8cbaac424) Importer(815301076,1909f56bfc062723c751e8b465ee728b)
Start importing Assets/Scripts using Guid(e24157c9f6f52e647868c8f8cbaac424) Importer(815301076,1909f56bfc062723c751e8b465ee728b)  -> (artifact id: 'a65856ecbe9d8644aa1b7d1b3213f6df') in 0.011952 seconds
  Import took 0.014634 seconds .

========================================================================
Received Prepare
Registering precompiled user dll's ...
Registered in 0.000812 seconds.
Begin MonoManager ReloadAssembly
Native extension for WindowsStandalone target not found
Refreshing native plugins compatible for Editor in 0.38 ms, found 1 plugins.
Preloading 0 native plugins for Editor in 0.00 ms.
Invoked RoslynAnalysisRunner static constructor.
RoslynAnalysisRunner will not be running.
RoslynAnalysisRunner has terminated.
Mono: successfully reloaded assembly
- Completed reload, in  0.691 seconds
Platform modules already initialized, skipping
Refreshing native plugins compatible for Editor in 0.34 ms, found 1 plugins.
Preloading 0 native plugins for Editor in 0.00 ms.
Unloading 1797 Unused Serialized files (Serialized files now loaded: 0)
System memory in use before: 87.3 MB.
System memory in use after: 87.4 MB.

Unloading 8 unused Assets to reduce memory usage. Loaded Objects now: 2268.
Total: 1.484500 ms (FindLiveObjects: 0.154900 ms CreateObjectMapping: 0.059400 ms MarkObjects: 1.257500 ms  DeleteObjects: 0.012100 ms)

========================================================================
Received Prepare
Registering precompiled user dll's ...
Registered in 0.000875 seconds.
Begin MonoManager ReloadAssembly
Native extension for WindowsStandalone target not found
Refreshing native plugins compatible for Editor in 33.25 ms, found 1 plugins.
Preloading 0 native plugins for Editor in 0.00 ms.
Invoked RoslynAnalysisRunner static constructor.
RoslynAnalysisRunner will not be running.
RoslynAnalysisRunner has terminated.
Mono: successfully reloaded assembly
- Completed reload, in  0.624 seconds
Platform modules already initialized, skipping
Refreshing native plugins compatible for Editor in 0.35 ms, found 1 plugins.
Preloading 0 native plugins for Editor in 0.00 ms.
Unloading 2093 Unused Serialized files (Serialized files now loaded: 0)
System memory in use before: 96.7 MB.
System memory in use after: 96.8 MB.

Unloading 5 unused Assets to reduce memory usage. Loaded Objects now: 2561.
Total: 1.436900 ms (FindLiveObjects: 0.191300 ms CreateObjectMapping: 0.079600 ms MarkObjects: 1.151100 ms  DeleteObjects: 0.014200 ms)

AssetImportWorkerClient::OnTransportError - code=2 error=End of file
